<?xml version="1.0" encoding="UTF-8"?>
<!-- Generated by org.testng.reporters.JUnitXMLReporter -->
<testsuite hostname="dineshkila" ignored="0" name="Default test" tests="4" failures="0" timestamp="15 Aug 2023 10:18:54 GMT" time="57.118" errors="0">
  <testcase name="loginTest" time="6.163" classname="com.demoproject.testcases.LoginPageTest"/>
  <testcase name="loginTest" time="5.722" classname="com.demoproject.testcases.LoginPageTest"/>
  <testcase name="loginTest" time="5.688" classname="com.demoproject.testcases.LoginPageTest"/>
  <testcase name="loginTest" time="5.596" classname="com.demoproject.testcases.LoginPageTest"/>
</testsuite> <!-- Default test -->
