<?xml version="1.0" encoding="UTF-8"?>
<!-- Generated by org.testng.reporters.JUnitXMLReporter -->
<testsuite hostname="dineshkila" ignored="6" name="Smoke_Test" tests="8" failures="0" timestamp="15 Aug 2023 10:44:36 GMT" time="105.833" errors="0">
  <testcase name="getMyTitle" time="0.903" classname="com.demoproject.testcases.IndexPageTest"/>
  <testcase name="verifyMyDemoLogo" time="0.731" classname="com.demoproject.testcases.IndexPageTest"/>
  <testcase name="getCurrentURL" time="3.442" classname="com.demoproject.testcases.HomePageTest"/>
  <testcase name="verifySearchBox" time="3.209" classname="com.demoproject.testcases.HomePageTest"/>
  <testcase name="loginTest" time="6.473" classname="com.demoproject.testcases.LoginPageTest"/>
  <testcase name="loginTest" time="6.314" classname="com.demoproject.testcases.LoginPageTest"/>
  <testcase name="loginTest" time="6.261" classname="com.demoproject.testcases.LoginPageTest"/>
  <testcase name="loginTest" time="6.187" classname="com.demoproject.testcases.LoginPageTest"/>
  <testcase name="searchProductPageTest" time="0.0" classname="com.demoproject.testcases.SearchProductPageTest">
    <ignored/>
  </testcase> <!-- searchProductPageTest -->
  <testcase name="AddToCartPageTest" time="0.0" classname="com.demoproject.testcases.AddToCartPageTest">
    <ignored/>
  </testcase> <!-- AddToCartPageTest -->
  <testcase name="@BeforeSuite beforeSuite" time="0.0" classname="com.demoproject.base.BaseClass">
    <ignored/>
  </testcase> <!-- @BeforeSuite beforeSuite -->
  <testcase name="@BeforeSuite beforeSuite" time="0.0" classname="com.demoproject.base.BaseClass">
    <ignored/>
  </testcase> <!-- @BeforeSuite beforeSuite -->
  <testcase name="@BeforeSuite beforeSuite" time="0.0" classname="com.demoproject.base.BaseClass">
    <ignored/>
  </testcase> <!-- @BeforeSuite beforeSuite -->
  <testcase name="@BeforeSuite beforeSuite" time="0.0" classname="com.demoproject.base.BaseClass">
    <ignored/>
  </testcase> <!-- @BeforeSuite beforeSuite -->
</testsuite> <!-- Smoke_Test -->
