<?xml version="1.0" encoding="UTF-8"?>
<!-- Generated by org.testng.reporters.JUnitXMLReporter -->
<testsuite hostname="dineshkila" ignored="8" name="Test.All" tests="10" failures="1" timestamp="16 Aug 2023 05:55:43 GMT" time="135.075" errors="0">
  <testcase name="getMyTitle" time="0.521" classname="com.demoproject.testcases.IndexPageTest"/>
  <testcase name="verifyMyDemoLogo" time="0.196" classname="com.demoproject.testcases.IndexPageTest">
    <failure type="java.lang.AssertionError" message="expected [false] but found [true]">
      <![CDATA[java.lang.AssertionError: expected [false] but found [true]
at com.demoproject.testcases.IndexPageTest.verifyMyDemoLogo(IndexPageTest.java:35)
... Removed 29 stack frames]]>
    </failure>
  </testcase> <!-- verifyMyDemoLogo -->
  <testcase name="searchProductPageTest" time="11.363" classname="com.demoproject.testcases.SearchProductPageTest"/>
  <testcase name="getCurrentURL" time="2.858" classname="com.demoproject.testcases.HomePageTest"/>
  <testcase name="verifySearchBox" time="2.337" classname="com.demoproject.testcases.HomePageTest"/>
  <testcase name="AddToCartPageTest" time="21.324" classname="com.demoproject.testcases.AddToCartPageTest"/>
  <testcase name="loginTest" time="5.014" classname="com.demoproject.testcases.LoginPageTest"/>
  <testcase name="loginTest" time="5.988" classname="com.demoproject.testcases.LoginPageTest"/>
  <testcase name="loginTest" time="5.272" classname="com.demoproject.testcases.LoginPageTest"/>
  <testcase name="loginTest" time="5.066" classname="com.demoproject.testcases.LoginPageTest"/>
  <testcase name="@BeforeSuite loadConfig" time="0.0" classname="com.demoproject.base.BaseClass">
    <ignored/>
  </testcase> <!-- @BeforeSuite loadConfig -->
  <testcase name="@BeforeSuite loadConfig" time="0.0" classname="com.demoproject.base.BaseClass">
    <ignored/>
  </testcase> <!-- @BeforeSuite loadConfig -->
  <testcase name="@BeforeSuite loadConfig" time="0.0" classname="com.demoproject.base.BaseClass">
    <ignored/>
  </testcase> <!-- @BeforeSuite loadConfig -->
  <testcase name="@BeforeSuite loadConfig" time="0.0" classname="com.demoproject.base.BaseClass">
    <ignored/>
  </testcase> <!-- @BeforeSuite loadConfig -->
  <testcase name="@AfterSuite afterSuite" time="0.0" classname="com.demoproject.base.BaseClass">
    <ignored/>
  </testcase> <!-- @AfterSuite afterSuite -->
  <testcase name="@AfterSuite afterSuite" time="0.0" classname="com.demoproject.base.BaseClass">
    <ignored/>
  </testcase> <!-- @AfterSuite afterSuite -->
  <testcase name="@AfterSuite afterSuite" time="0.0" classname="com.demoproject.base.BaseClass">
    <ignored/>
  </testcase> <!-- @AfterSuite afterSuite -->
  <testcase name="@AfterSuite afterSuite" time="0.0" classname="com.demoproject.base.BaseClass">
    <ignored/>
  </testcase> <!-- @AfterSuite afterSuite -->
</testsuite> <!-- Test.All -->
